<?xml version="1.0" encoding="UTF-8"?>
<testsuite xmlns:xsi="http://www.w3.org/2001/XMLSchema-instance" xsi:noNamespaceSchemaLocation="https://maven.apache.org/surefire/maven-surefire-plugin/xsd/surefire-test-report.xsd" name="com.example.StudentCrudTest" time="2.565" tests="21" errors="0" skipped="0" failures="0">
  <properties>
[...]
</properties>
  <testcase name="testCreateStudent" classname="com.example.StudentCrudTest" time="0.599"/>
  <testcase name="testSortByName" classname="com.example.StudentCrudTest" time="0.26"/>
  <testcase name="testFilterByAge" classname="com.example.StudentCrudTest" time="0.129"/>
  <testcase name="testCountStudents" classname="com.example.StudentCrudTest" time="0.164"/>
  <testcase name="testReadNonExistentStudent" classname="com.example.StudentCrudTest" time="0.007"/>
  <testcase name="testUpdateStudentName" classname="com.example.StudentCrudTest" time="0.012"/>
  <testcase name="testUpdateNonExistentStudent" classname="com.example.StudentCrudTest" time="0.002"/>
  <testcase name="testSortByAgeDescending" classname="com.example.StudentCrudTest" time="0.009"/>
  <testcase name="testUpdateAllAges" classname="com.example.StudentCrudTest" time="0.052"/>
  <testcase name="testUpdateStudentNameAndAge" classname="com.example.StudentCrudTest" time="0.009"/>
  <testcase name="testDeleteStudent" classname="com.example.StudentCrudTest" time="0.008"/>
  <testcase name="testDeleteAllStudents" classname="com.example.StudentCrudTest" time="0.008"/>
  <testcase name="testCreateStudentWithSpecialCharacters" classname="com.example.StudentCrudTest" time="0.004"/>
  <testcase name="testCreateReadUpdateDeleteCycle" classname="com.example.StudentCrudTest" time="0.009"/>
  <testcase name="testSearchByAgeRange" classname="com.example.StudentCrudTest" time="0.009"/>
  <testcase name="testUpdateStudentAge" classname="com.example.StudentCrudTest" time="0.008"/>
  <testcase name="testReadStudent" classname="com.example.StudentCrudTest" time="0.003"/>
  <testcase name="testDeleteNonExistentStudent" classname="com.example.StudentCrudTest" time="0.002"/>
  <testcase name="testReadAllStudents" classname="com.example.StudentCrudTest" time="0.007"/>
  <testcase name="testCreateMultipleStudents" classname="com.example.StudentCrudTest" time="0.005"/>
  <testcase name="testSearchByNamePartial" classname="com.example.StudentCrudTest" time="0.04"/>
</testsuite>